<?xml version="1.0" encoding="UTF-8"?>
<!-- Generated by org.testng.reporters.JUnitXMLReporter -->
<testsuite ignored="0" hostname="ayaansh" failures="2" tests="3" name="Default test" time="11.234" errors="0" timestamp="2024-04-15T10:48:45 IST">
  <testcase classname="io.cucumber.testng.AbstractTestNGCucumberTests" name="runScenario" time="7.49"/>
  <testcase classname="io.cucumber.testng.AbstractTestNGCucumberTests" name="runScenario" time="9.661">
    <failure type="java.lang.AssertionError" message="confirmed expected [Administration!] but found [Administration]">
      <![CDATA[java.lang.AssertionError: confirmed expected [Administration!] but found [Administration]
at org.testng.Assert.fail(Assert.java:111)
at org.testng.Assert.failNotEquals(Assert.java:1578)
at org.testng.Assert.assertEqualsImpl(Assert.java:150)
at org.testng.Assert.assertEquals(Assert.java:132)
at org.testng.Assert.assertEquals(Assert.java:656)
at POM.pomodel.verify(pomodel.java:39)
at Step.stepFile.verify_login_as(stepFile.java:92)
at ✽.verify  as "Administration!"(file:///C:/Users/abhil/git/TestDemo/TestDemo/src/test/resources/rrr.feature:30)
]]>
    </failure>
  </testcase> <!-- runScenario -->
  <testcase classname="io.cucumber.testng.AbstractTestNGCucumberTests" name="runScenario" time="10.062">
    <failure type="java.lang.AssertionError" message="confirmed expected [Administration] but found [Dashboard]">
      <![CDATA[java.lang.AssertionError: confirmed expected [Administration] but found [Dashboard]
at org.testng.Assert.fail(Assert.java:111)
at org.testng.Assert.failNotEquals(Assert.java:1578)
at org.testng.Assert.assertEqualsImpl(Assert.java:150)
at org.testng.Assert.assertEquals(Assert.java:132)
at org.testng.Assert.assertEquals(Assert.java:656)
at POM.pomodel.verify(pomodel.java:39)
at Step.stepFile.verify_login_as(stepFile.java:92)
at ✽.verify  as "Administration"(file:///C:/Users/abhil/git/TestDemo/TestDemo/src/test/resources/rrr.feature:21)
]]>
    </failure>
  </testcase> <!-- runScenario -->
</testsuite> <!-- Default test -->
