<?xml version="1.0" encoding="UTF-8"?>
<testng-results ignored="0" total="1" passed="1" failed="0" skipped="0">
  <reporter-output>
  </reporter-output>
  <suite started-at="2024-04-06T19:10:21 IST" name="Suite" finished-at="2024-04-06T19:10:27 IST" duration-ms="5550">
    <groups>
    </groups>
    <test started-at="2024-04-06T19:10:21 IST" name="Test" finished-at="2024-04-06T19:10:27 IST" duration-ms="5550">
      <class name="Demo.demo">
        <test-method signature="test(java.lang.String)[pri:0, instance:Demo.demo@57c758ac]" started-at="2024-04-06T19:10:21 IST" name="test" finished-at="2024-04-06T19:10:27 IST" duration-ms="5512" status="PASS">
          <params>
            <param index="0">
              <value>
                <![CDATA[chrome]]>
              </value>
            </param>
          </params>
          <reporter-output>
          </reporter-output>
        </test-method> <!-- test -->
      </class> <!-- Demo.demo -->
    </test> <!-- Test -->
  </suite> <!-- Suite -->
</testng-results>
