<?xml version="1.0" encoding="UTF-8"?>
<testng-results ignored="0" total="1" passed="1" failed="0" skipped="0">
  <reporter-output>
  </reporter-output>
  <suite started-at="2024-04-06T18:48:57 IST" name="Suite" finished-at="2024-04-06T18:49:04 IST" duration-ms="7220">
    <groups>
    </groups>
    <test started-at="2024-04-06T18:48:57 IST" name="Test" finished-at="2024-04-06T18:49:04 IST" duration-ms="7220">
      <class name="Demo.demo">
        <test-method signature="test()[pri:0, instance:Demo.demo@10e41621]" started-at="2024-04-06T18:48:57 IST" name="test" finished-at="2024-04-06T18:49:04 IST" duration-ms="7152" status="PASS">
          <reporter-output>
          </reporter-output>
        </test-method> <!-- test -->
      </class> <!-- Demo.demo -->
    </test> <!-- Test -->
  </suite> <!-- Suite -->
</testng-results>
